{
  "stats": {
    "suites": 1,
    "tests": 9,
    "passes": 9,
    "pending": 0,
    "failures": 0,
    "start": "2020-10-26T17:36:36.747Z",
    "end": "2020-10-26T17:36:56.662Z",
    "duration": 19915,
    "testsRegistered": 9,
    "passPercent": 100,
    "pendingPercent": 0,
    "other": 0,
    "hasOther": false,
    "skipped": 0,
    "hasSkipped": false
  },
  "results": [
    {
      "uuid": "f1c73560-925e-4c68-af99-c419d5d94695",
      "title": "",
      "fullFile": "cypress\\integration\\test-suite.spec.js",
      "file": "cypress\\integration\\test-suite.spec.js",
      "beforeHooks": [],
      "afterHooks": [],
      "tests": [],
      "suites": [
        {
          "uuid": "121bc639-b46f-4218-8fe1-0de136fcad8e",
          "title": "Test suite",
          "fullFile": "",
          "file": "",
          "beforeHooks": [],
          "afterHooks": [],
          "tests": [
            {
              "title": "test case 1- Logga in/Logga ut",
              "fullTitle": "Test suite test case 1- Logga in/Logga ut",
              "timedOut": null,
              "duration": 1726,
              "state": "passed",
              "speed": "slow",
              "pass": true,
              "fail": false,
              "pending": false,
              "context": null,
              "code": "cy.visit('http://localhost:3000');\ncy.title().should('include', 'Hotel');\ncy.contains('Login');\ncy.get(':nth-child(1) > input').type('tester01');\ncy.get(':nth-child(2) > input').type('GteteqbQQgSr88SwNExUQv2ydb7xuf8c');\ncy.get('.btn').click();\ncy.contains('Tester Hotel Overview');\ncy.get('.user > .btn').click();\ncy.contains('Login');",
              "err": {},
              "uuid": "3be4ec61-4d84-4130-90cb-9733e90062ab",
              "parentUUID": "121bc639-b46f-4218-8fe1-0de136fcad8e",
              "isHook": false,
              "skipped": false
            },
            {
              "title": "test case 2- Skapa ett rum",
              "fullTitle": "Test suite test case 2- Skapa ett rum",
              "timedOut": null,
              "duration": 2821,
              "state": "passed",
              "speed": "slow",
              "pass": true,
              "fail": false,
              "pending": false,
              "context": null,
              "code": "cy.visit('http://localhost:3000');\ncy.title().should('include', 'Hotel');\ncy.contains('Login');\ncy.get(':nth-child(1) > input').type('tester01');\ncy.get(':nth-child(2) > input').type('GteteqbQQgSr88SwNExUQv2ydb7xuf8c');\ncy.get('.btn').click();\ncy.contains('Tester Hotel Overview');\ncy.get(':nth-child(1) > .btn').click();\ncy.contains('Rooms');\ncy.get('h2 > .btn').click();\ncy.get(':nth-child(1) > select').select('double');\ncy.get(':nth-child(2) > input').type('103');\ncy.get(':nth-child(3) > input').type('1');\ncy.get('.checkbox').click();\ncy.get(':nth-child(5) > input').type('1800');\ncy.get(':nth-child(6) > select').select(['Balcony', 'Ensuite']);\ncy.get('.blue').click();\ncy.contains('Room 103');\ncy.get('.user > .btn').click();\ncy.contains('Login');",
              "err": {},
              "uuid": "a761f8cb-bab2-4c38-8635-30beb0a0fa6d",
              "parentUUID": "121bc639-b46f-4218-8fe1-0de136fcad8e",
              "isHook": false,
              "skipped": false
            },
            {
              "title": "test case 3-Ta bort ett rum",
              "fullTitle": "Test suite test case 3-Ta bort ett rum",
              "timedOut": null,
              "duration": 1746,
              "state": "passed",
              "speed": "slow",
              "pass": true,
              "fail": false,
              "pending": false,
              "context": null,
              "code": "cy.visit('http://localhost:3000');\ncy.title().should('include', 'Hotel');\ncy.contains('Login');\ncy.get(':nth-child(1) > input').type('tester01');\ncy.get(':nth-child(2) > input').type('GteteqbQQgSr88SwNExUQv2ydb7xuf8c');\ncy.get('.btn').click();\ncy.contains('Tester Hotel Overview');\ncy.get(':nth-child(1) > .btn').click();\ncy.contains('Rooms');\ncy.get(':nth-child(3) > .action > img').click();\ncy.get('.menu > :nth-child(2)').click();\ncy.contains('Rooms');\ncy.get('.user > .btn').click();\ncy.contains('Login');",
              "err": {},
              "uuid": "8fba30be-f0d1-412b-9e48-3647a98a4a1f",
              "parentUUID": "121bc639-b46f-4218-8fe1-0de136fcad8e",
              "isHook": false,
              "skipped": false
            },
            {
              "title": "test case 4-Redigera information om en kund",
              "fullTitle": "Test suite test case 4-Redigera information om en kund",
              "timedOut": null,
              "duration": 2419,
              "state": "passed",
              "speed": "slow",
              "pass": true,
              "fail": false,
              "pending": false,
              "context": null,
              "code": "cy.visit('http://localhost:3000');\ncy.title().should('include', 'Hotel');\ncy.contains('Login');\ncy.get(':nth-child(1) > input').type('tester01');\ncy.get(':nth-child(2) > input').type('GteteqbQQgSr88SwNExUQv2ydb7xuf8c');\ncy.get('.btn').click();\ncy.contains('Tester Hotel Overview');\ncy.get('.blocks > :nth-child(2) > .btn').click();\ncy.contains('Clients');\ncy.get(':nth-child(1) > .action > img').click();\ncy.get('.menu > :nth-child(1)').click();\ncy.contains('Client:');\ncy.get(':nth-child(5) > input').clear().type('073 666 99 11');\ncy.get('.blue').click();\ncy.contains('Clients');\ncy.get(':nth-child(3) > .btn').click();\ncy.contains('Tester Hotel Overview');\ncy.get('.user > .btn').click();\ncy.contains('Login');",
              "err": {},
              "uuid": "f31c7493-e089-4810-a7a0-75ad92559eb3",
              "parentUUID": "121bc639-b46f-4218-8fe1-0de136fcad8e",
              "isHook": false,
              "skipped": false
            },
            {
              "title": "test case 5- Skapa ett kvitto",
              "fullTitle": "Test suite test case 5- Skapa ett kvitto",
              "timedOut": null,
              "duration": 2007,
              "state": "passed",
              "speed": "slow",
              "pass": true,
              "fail": false,
              "pending": false,
              "context": null,
              "code": "cy.visit('http://localhost:3000');\ncy.title().should('include', 'Hotel');\ncy.contains('Login');\ncy.get(':nth-child(1) > input').type('tester01');\ncy.get(':nth-child(2) > input').type('GteteqbQQgSr88SwNExUQv2ydb7xuf8c');\ncy.get('.btn').click();\ncy.contains('Tester Hotel Overview');\ncy.get(':nth-child(3) > .btn').click();\ncy.contains('Bills');\ncy.get('h2 > .btn').click();\ncy.contains('New Bill');\ncy.get('input').type('1000');\ncy.get('.checkbox').click();\ncy.get('.blue').click();\ncy.contains('Bills');\ncy.get('.user > .btn').click();\ncy.contains('Login');",
              "err": {},
              "uuid": "e81ff066-4046-4279-9044-cd5a42688620",
              "parentUUID": "121bc639-b46f-4218-8fe1-0de136fcad8e",
              "isHook": false,
              "skipped": false
            },
            {
              "title": "test case 6-Redigera ett kvitto",
              "fullTitle": "Test suite test case 6-Redigera ett kvitto",
              "timedOut": null,
              "duration": 1897,
              "state": "passed",
              "speed": "slow",
              "pass": true,
              "fail": false,
              "pending": false,
              "context": null,
              "code": "cy.visit('http://localhost:3000');\ncy.title().should('include', 'Hotel');\ncy.contains('Login');\ncy.get(':nth-child(1) > input').type('tester01');\ncy.get(':nth-child(2) > input').type('GteteqbQQgSr88SwNExUQv2ydb7xuf8c');\ncy.get('.btn').click();\ncy.contains('Tester Hotel Overview');\ncy.get(':nth-child(3) > .btn').click();\ncy.contains('Bills');\ncy.get(':nth-child(2) > .action > img').click();\ncy.get('.menu > :nth-child(1)').click();\ncy.contains('Bill:');\ncy.get('.checkbox').click();\ncy.get('.blue').click();\ncy.contains('Bills');\ncy.get('.user > .btn').click();\ncy.contains('Login');",
              "err": {},
              "uuid": "c90e37ad-8c90-4ecf-bef0-0d5fa7c6f865",
              "parentUUID": "121bc639-b46f-4218-8fe1-0de136fcad8e",
              "isHook": false,
              "skipped": false
            },
            {
              "title": "test case 7- Ta bort ett kvitto",
              "fullTitle": "Test suite test case 7- Ta bort ett kvitto",
              "timedOut": null,
              "duration": 1704,
              "state": "passed",
              "speed": "slow",
              "pass": true,
              "fail": false,
              "pending": false,
              "context": null,
              "code": "cy.visit('http://localhost:3000');\ncy.title().should('include', 'Hotel');\ncy.contains('Login');\ncy.get(':nth-child(1) > input').type('tester01');\ncy.get(':nth-child(2) > input').type('GteteqbQQgSr88SwNExUQv2ydb7xuf8c');\ncy.get('.btn').click();\ncy.contains('Tester Hotel Overview');\ncy.get(':nth-child(3) > .btn').click();\ncy.contains('Bills');\ncy.get(':nth-child(2) > .action > img').click();\ncy.get('.menu > :nth-child(2)').click();\ncy.contains('Bills');\ncy.get('.user > .btn').click();\ncy.contains('Login');",
              "err": {},
              "uuid": "4fd683bb-52c5-48b8-849b-c8dbfaa27515",
              "parentUUID": "121bc639-b46f-4218-8fe1-0de136fcad8e",
              "isHook": false,
              "skipped": false
            },
            {
              "title": "test case 8- Skapa bokning",
              "fullTitle": "Test suite test case 8- Skapa bokning",
              "timedOut": null,
              "duration": 2638,
              "state": "passed",
              "speed": "slow",
              "pass": true,
              "fail": false,
              "pending": false,
              "context": null,
              "code": "cy.visit('http://localhost:3000');\ncy.title().should('include', 'Hotel');\ncy.contains('Login');\ncy.get(':nth-child(1) > input').type('tester01');\ncy.get(':nth-child(2) > input').type('GteteqbQQgSr88SwNExUQv2ydb7xuf8c');\ncy.get('.btn').click();\ncy.contains('Tester Hotel Overview');\ncy.get(':nth-child(4) > .btn').click();\ncy.contains('Reservations');\ncy.get('h2 > .btn').click();\ncy.contains('New Reservation');\ncy.get(':nth-child(1) > input').type('2020-11-23');\ncy.get(':nth-child(2) > input').type('2020-11-30');\ncy.get(':nth-child(3) > select').select('Mikael Eriksson (#2)'); //val kan ändras\ncy.get(':nth-child(4) > select').select('Floor 1, Room 101');\ncy.get(':nth-child(5) > select').select('ID: 1');\ncy.get('.blue').click();\ncy.contains('Reservations');\ncy.get('.user > .btn').click();\ncy.contains('Login');",
              "err": {},
              "uuid": "6c0fe2b0-05da-4a0f-a84f-58cbc668a448",
              "parentUUID": "121bc639-b46f-4218-8fe1-0de136fcad8e",
              "isHook": false,
              "skipped": false
            },
            {
              "title": "test case 9- Ta bort bokning",
              "fullTitle": "Test suite test case 9- Ta bort bokning",
              "timedOut": null,
              "duration": 1699,
              "state": "passed",
              "speed": "slow",
              "pass": true,
              "fail": false,
              "pending": false,
              "context": null,
              "code": "cy.visit('http://localhost:3000');\ncy.title().should('include', 'Hotel');\ncy.contains('Login');\ncy.get(':nth-child(1) > input').type('tester01');\ncy.get(':nth-child(2) > input').type('GteteqbQQgSr88SwNExUQv2ydb7xuf8c');\ncy.get('.btn').click();\ncy.contains('Tester Hotel Overview');\ncy.get(':nth-child(4) > .btn').click();\ncy.contains('Reservations');\ncy.get(':nth-child(2) > .action > img').click();\ncy.get('.menu > :nth-child(2)').click();\ncy.contains('Reservations');\ncy.get('.user > .btn').click();\ncy.contains('Login');",
              "err": {},
              "uuid": "5f7e5afc-f1fb-49df-90fc-151b9e8a293e",
              "parentUUID": "121bc639-b46f-4218-8fe1-0de136fcad8e",
              "isHook": false,
              "skipped": false
            }
          ],
          "suites": [],
          "passes": [
            "3be4ec61-4d84-4130-90cb-9733e90062ab",
            "a761f8cb-bab2-4c38-8635-30beb0a0fa6d",
            "8fba30be-f0d1-412b-9e48-3647a98a4a1f",
            "f31c7493-e089-4810-a7a0-75ad92559eb3",
            "e81ff066-4046-4279-9044-cd5a42688620",
            "c90e37ad-8c90-4ecf-bef0-0d5fa7c6f865",
            "4fd683bb-52c5-48b8-849b-c8dbfaa27515",
            "6c0fe2b0-05da-4a0f-a84f-58cbc668a448",
            "5f7e5afc-f1fb-49df-90fc-151b9e8a293e"
          ],
          "failures": [],
          "pending": [],
          "skipped": [],
          "duration": 18657,
          "root": false,
          "rootEmpty": false,
          "_timeout": 2000
        }
      ],
      "passes": [],
      "failures": [],
      "pending": [],
      "skipped": [],
      "duration": 0,
      "root": true,
      "rootEmpty": true,
      "_timeout": 2000
    }
  ],
  "meta": {
    "mocha": {
      "version": "7.0.1"
    },
    "mochawesome": {
      "options": {
        "quiet": false,
        "reportFilename": "mochawesome",
        "saveHtml": true,
        "saveJson": true,
        "consoleReporter": "spec",
        "useInlineDiffs": false,
        "code": true
      },
      "version": "6.1.1"
    },
    "marge": {
      "options": null,
      "version": "5.1.0"
    }
  }
}