{
  "stats": {
    "suites": 1,
    "tests": 6,
    "passes": 6,
    "pending": 0,
    "failures": 0,
    "start": "2020-10-29T09:21:33.475Z",
    "end": "2020-10-29T09:21:54.196Z",
    "duration": 20721,
    "testsRegistered": 6,
    "passPercent": 100,
    "pendingPercent": 0,
    "other": 0,
    "hasOther": false,
    "skipped": 0,
    "hasSkipped": false
  },
  "results": [
    {
      "uuid": "e4afad9f-2f5f-4af6-8896-5f5cef237b7c",
      "title": "",
      "fullFile": "cypress\\integration\\regression-page-object.spec.js",
      "file": "cypress\\integration\\regression-page-object.spec.js",
      "beforeHooks": [],
      "afterHooks": [],
      "tests": [],
      "suites": [
        {
          "uuid": "d929450a-d404-4f0a-8d18-3cf2b743ba0a",
          "title": "Test suite",
          "fullFile": "",
          "file": "",
          "beforeHooks": [],
          "afterHooks": [],
          "tests": [
            {
              "title": "Test case 1- Create a room",
              "fullTitle": "Test suite Test case 1- Create a room",
              "timedOut": null,
              "duration": 3568,
              "state": "passed",
              "speed": "slow",
              "pass": true,
              "fail": false,
              "pending": false,
              "context": null,
              "code": "dashBoardFuncs.checkTitleOfDashboardPage(cy);\ndashBoardFuncs.viewRooms(cy, 'Rooms');\nroomsFuncs.clickcreateRoomButton(cy, 'New Room');\nnewRoomFuncs.createRoom(cy);",
              "err": {},
              "uuid": "8b3f7e5e-1993-4025-9f3d-904dc9220ea9",
              "parentUUID": "d929450a-d404-4f0a-8d18-3cf2b743ba0a",
              "isHook": false,
              "skipped": false
            },
            {
              "title": "Test case 2- Delete a room",
              "fullTitle": "Test suite Test case 2- Delete a room",
              "timedOut": null,
              "duration": 2364,
              "state": "passed",
              "speed": "slow",
              "pass": true,
              "fail": false,
              "pending": false,
              "context": null,
              "code": "dashBoardFuncs.checkTitleOfDashboardPage(cy);\ndashBoardFuncs.viewRooms(cy, 'Rooms');\nroomsFuncs.clickThreePointsDelete(cy); //kolla att den försvann??",
              "err": {},
              "uuid": "8a218a77-521b-4ffa-a7da-864443e6bc7e",
              "parentUUID": "d929450a-d404-4f0a-8d18-3cf2b743ba0a",
              "isHook": false,
              "skipped": false
            },
            {
              "title": "Test case 3- Edit a clients",
              "fullTitle": "Test suite Test case 3- Edit a clients",
              "timedOut": null,
              "duration": 2924,
              "state": "passed",
              "speed": "slow",
              "pass": true,
              "fail": false,
              "pending": false,
              "context": null,
              "code": "dashBoardFuncs.checkTitleOfDashboardPage(cy);\ndashBoardFuncs.viewClients(cy, 'Clients');\nclientsFuncs.clickThreePointsEdit(cy);\noneClientFuncs.editClient(cy);",
              "err": {},
              "uuid": "4afb8753-acbe-435b-940f-ab7085a8dbc6",
              "parentUUID": "d929450a-d404-4f0a-8d18-3cf2b743ba0a",
              "isHook": false,
              "skipped": false
            },
            {
              "title": "Test case 4- Create a clients",
              "fullTitle": "Test suite Test case 4- Create a clients",
              "timedOut": null,
              "duration": 2820,
              "state": "passed",
              "speed": "slow",
              "pass": true,
              "fail": false,
              "pending": false,
              "context": null,
              "code": "dashBoardFuncs.checkTitleOfDashboardPage(cy);\ndashBoardFuncs.viewClients(cy, 'Clients');\nclientsFuncs.clickCreateClientButton(cy, 'New Client');\nnewClientFuncs.createClient(cy);",
              "err": {},
              "uuid": "88ece791-37a9-4713-8178-62e8fa3f0bb3",
              "parentUUID": "d929450a-d404-4f0a-8d18-3cf2b743ba0a",
              "isHook": false,
              "skipped": false
            },
            {
              "title": "Test case 5- Create a reservation",
              "fullTitle": "Test suite Test case 5- Create a reservation",
              "timedOut": null,
              "duration": 2757,
              "state": "passed",
              "speed": "slow",
              "pass": true,
              "fail": false,
              "pending": false,
              "context": null,
              "code": "dashBoardFuncs.checkTitleOfDashboardPage(cy);\ndashBoardFuncs.viewReservations(cy, 'Reservations');\nreservationsFuncs.clickCreateReservationButton(cy, 'New Reservation');\nnewReservationsFuncs.createReservation(cy, 'Reservations');",
              "err": {},
              "uuid": "98ed6cab-777e-4e30-b876-d7a95476944b",
              "parentUUID": "d929450a-d404-4f0a-8d18-3cf2b743ba0a",
              "isHook": false,
              "skipped": false
            },
            {
              "title": "Test case 6- Deletete a reservation",
              "fullTitle": "Test suite Test case 6- Deletete a reservation",
              "timedOut": null,
              "duration": 1688,
              "state": "passed",
              "speed": "slow",
              "pass": true,
              "fail": false,
              "pending": false,
              "context": null,
              "code": "dashBoardFuncs.checkTitleOfDashboardPage(cy);\ndashBoardFuncs.viewReservations(cy, 'Reservations');\nreservationsFuncs.clickthreePointDelete(cy, 'Reservations'); //kolla att den försvann??",
              "err": {},
              "uuid": "5cadd0b3-a11b-400e-830b-1ec643313968",
              "parentUUID": "d929450a-d404-4f0a-8d18-3cf2b743ba0a",
              "isHook": false,
              "skipped": false
            }
          ],
          "suites": [],
          "passes": [
            "8b3f7e5e-1993-4025-9f3d-904dc9220ea9",
            "8a218a77-521b-4ffa-a7da-864443e6bc7e",
            "4afb8753-acbe-435b-940f-ab7085a8dbc6",
            "88ece791-37a9-4713-8178-62e8fa3f0bb3",
            "98ed6cab-777e-4e30-b876-d7a95476944b",
            "5cadd0b3-a11b-400e-830b-1ec643313968"
          ],
          "failures": [],
          "pending": [],
          "skipped": [],
          "duration": 16121,
          "root": false,
          "rootEmpty": false,
          "_timeout": 2000
        }
      ],
      "passes": [],
      "failures": [],
      "pending": [],
      "skipped": [],
      "duration": 0,
      "root": true,
      "rootEmpty": true,
      "_timeout": 2000
    }
  ],
  "meta": {
    "mocha": {
      "version": "7.0.1"
    },
    "mochawesome": {
      "options": {
        "quiet": false,
        "reportFilename": "mochawesome",
        "saveHtml": true,
        "saveJson": true,
        "consoleReporter": "spec",
        "useInlineDiffs": false,
        "code": true
      },
      "version": "6.1.1"
    },
    "marge": {
      "options": null,
      "version": "5.1.0"
    }
  }
}